Performing C SOURCE FILE Test CMAKE_HAVE_LIBC_PTHREAD failed with the following output:
Change Dir: /home/javeda2/mrprogs/test_cuda_gadgetron/build/CMakeFiles/CMakeTmp

Run Build Command(s):/home/javeda2/mambaforge/envs/gadgetron_cuda11/bin/ninja cmTC_eb07c && [1/2] Building C object CMakeFiles/cmTC_eb07c.dir/src.c.o
[2/2] Linking C executable cmTC_eb07c
FAILED: cmTC_eb07c 
: && /bin/cc   CMakeFiles/cmTC_eb07c.dir/src.c.o -o cmTC_eb07c   && :
/bin/ld: CMakeFiles/cmTC_eb07c.dir/src.c.o: in function `main':
src.c:(.text+0x46): undefined reference to `pthread_create'
/bin/ld: src.c:(.text+0x52): undefined reference to `pthread_detach'
/bin/ld: src.c:(.text+0x5e): undefined reference to `pthread_cancel'
/bin/ld: src.c:(.text+0x6f): undefined reference to `pthread_join'
collect2: error: ld returned 1 exit status
ninja: build stopped: subcommand failed.


Source file was:
#include <pthread.h>

static void* test_func(void* data)
{
  return data;
}

int main(void)
{
  pthread_t thread;
  pthread_create(&thread, NULL, test_func, NULL);
  pthread_detach(thread);
  pthread_cancel(thread);
  pthread_join(thread, NULL);
  pthread_atfork(NULL, NULL, NULL);
  pthread_exit(NULL);

  return 0;
}

Determining if the function pthread_create exists in the pthreads failed with the following output:
Change Dir: /home/javeda2/mrprogs/test_cuda_gadgetron/build/CMakeFiles/CMakeTmp

Run Build Command(s):/home/javeda2/mambaforge/envs/gadgetron_cuda11/bin/ninja cmTC_95acf && [1/2] Building C object CMakeFiles/cmTC_95acf.dir/CheckFunctionExists.c.o
[2/2] Linking C executable cmTC_95acf
FAILED: cmTC_95acf 
: && /bin/cc -DCHECK_FUNCTION_EXISTS=pthread_create  CMakeFiles/cmTC_95acf.dir/CheckFunctionExists.c.o -o cmTC_95acf  -lpthreads && :
/bin/ld: cannot find -lpthreads
collect2: error: ld returned 1 exit status
ninja: build stopped: subcommand failed.



Performing C SOURCE FILE Test CMAKE_HAVE_LIBC_PTHREAD failed with the following output:
Change Dir: /home/javeda2/mrprogs/test_cuda_gadgetron/build/CMakeFiles/CMakeTmp

Run Build Command(s):/home/javeda2/mambaforge/envs/gadgetron_cuda115/bin/ninja cmTC_614c8 && [1/2] Building C object CMakeFiles/cmTC_614c8.dir/src.c.o
[2/2] Linking C executable cmTC_614c8
FAILED: cmTC_614c8 
: && /home/javeda2/mambaforge/envs/gadgetron_cuda115/bin/x86_64-conda-linux-gnu-cc -march=nocona -mtune=haswell -ftree-vectorize -fPIC -fstack-protector-strong -fno-plt -O2 -ffunction-sections -pipe -isystem /home/javeda2/mambaforge/envs/gadgetron_cuda115/include -Wl,-O2 -Wl,--sort-common -Wl,--as-needed -Wl,-z,relro -Wl,-z,now -Wl,--disable-new-dtags -Wl,--gc-sections -Wl,--allow-shlib-undefined -Wl,-rpath,/home/javeda2/mambaforge/envs/gadgetron_cuda115/lib -Wl,-rpath-link,/home/javeda2/mambaforge/envs/gadgetron_cuda115/lib -L/home/javeda2/mambaforge/envs/gadgetron_cuda115/lib CMakeFiles/cmTC_614c8.dir/src.c.o -o cmTC_614c8   && :
/home/javeda2/mambaforge/envs/gadgetron_cuda115/bin/../lib/gcc/x86_64-conda-linux-gnu/9.4.0/../../../../x86_64-conda-linux-gnu/bin/ld: CMakeFiles/cmTC_614c8.dir/src.c.o: in function `main':
src.c:(.text.startup.main+0x24): undefined reference to `pthread_create'
/home/javeda2/mambaforge/envs/gadgetron_cuda115/bin/../lib/gcc/x86_64-conda-linux-gnu/9.4.0/../../../../x86_64-conda-linux-gnu/bin/ld: src.c:(.text.startup.main+0x2e): undefined reference to `pthread_detach'
/home/javeda2/mambaforge/envs/gadgetron_cuda115/bin/../lib/gcc/x86_64-conda-linux-gnu/9.4.0/../../../../x86_64-conda-linux-gnu/bin/ld: src.c:(.text.startup.main+0x38): undefined reference to `pthread_cancel'
/home/javeda2/mambaforge/envs/gadgetron_cuda115/bin/../lib/gcc/x86_64-conda-linux-gnu/9.4.0/../../../../x86_64-conda-linux-gnu/bin/ld: src.c:(.text.startup.main+0x44): undefined reference to `pthread_join'
/home/javeda2/mambaforge/envs/gadgetron_cuda115/bin/../lib/gcc/x86_64-conda-linux-gnu/9.4.0/../../../../x86_64-conda-linux-gnu/bin/ld: src.c:(.text.startup.main+0x50): undefined reference to `pthread_atfork'
collect2: error: ld returned 1 exit status
ninja: build stopped: subcommand failed.


Source file was:
#include <pthread.h>

static void* test_func(void* data)
{
  return data;
}

int main(void)
{
  pthread_t thread;
  pthread_create(&thread, NULL, test_func, NULL);
  pthread_detach(thread);
  pthread_cancel(thread);
  pthread_join(thread, NULL);
  pthread_atfork(NULL, NULL, NULL);
  pthread_exit(NULL);

  return 0;
}

Determining if the function pthread_create exists in the pthreads failed with the following output:
Change Dir: /home/javeda2/mrprogs/test_cuda_gadgetron/build/CMakeFiles/CMakeTmp

Run Build Command(s):/home/javeda2/mambaforge/envs/gadgetron_cuda115/bin/ninja cmTC_beff8 && [1/2] Building C object CMakeFiles/cmTC_beff8.dir/CheckFunctionExists.c.o
[2/2] Linking C executable cmTC_beff8
FAILED: cmTC_beff8 
: && /home/javeda2/mambaforge/envs/gadgetron_cuda115/bin/x86_64-conda-linux-gnu-cc -march=nocona -mtune=haswell -ftree-vectorize -fPIC -fstack-protector-strong -fno-plt -O2 -ffunction-sections -pipe -isystem /home/javeda2/mambaforge/envs/gadgetron_cuda115/include -DCHECK_FUNCTION_EXISTS=pthread_create -Wl,-O2 -Wl,--sort-common -Wl,--as-needed -Wl,-z,relro -Wl,-z,now -Wl,--disable-new-dtags -Wl,--gc-sections -Wl,--allow-shlib-undefined -Wl,-rpath,/home/javeda2/mambaforge/envs/gadgetron_cuda115/lib -Wl,-rpath-link,/home/javeda2/mambaforge/envs/gadgetron_cuda115/lib -L/home/javeda2/mambaforge/envs/gadgetron_cuda115/lib CMakeFiles/cmTC_beff8.dir/CheckFunctionExists.c.o -o cmTC_beff8  -lpthreads && :
/home/javeda2/mambaforge/envs/gadgetron_cuda115/bin/../lib/gcc/x86_64-conda-linux-gnu/9.4.0/../../../../x86_64-conda-linux-gnu/bin/ld: cannot find -lpthreads
collect2: error: ld returned 1 exit status
ninja: build stopped: subcommand failed.



